ARM GAS  /tmp/cc1PtuQy.s 			page 1


   1              		.syntax unified
   2              		.cpu cortex-m4
   3              		.eabi_attribute 27, 1
   4              		.eabi_attribute 28, 1
   5              		.fpu fpv4-sp-d16
   6              		.eabi_attribute 20, 1
   7              		.eabi_attribute 21, 1
   8              		.eabi_attribute 23, 3
   9              		.eabi_attribute 24, 1
  10              		.eabi_attribute 25, 1
  11              		.eabi_attribute 26, 1
  12              		.eabi_attribute 30, 1
  13              		.eabi_attribute 34, 1
  14              		.eabi_attribute 18, 4
  15              		.thumb
  16              		.file	"system_stm32f4xx.c"
  17              		.text
  18              	.Ltext0:
  19              		.cfi_sections	.debug_frame
  20              		.section	.text.SystemInit,"ax",%progbits
  21              		.align	2
  22              		.global	SystemInit
  23              		.thumb
  24              		.thumb_func
  26              	SystemInit:
  27              	.LFB123:
  28              		.file 1 "src/system_stm32f4xx.c"
   1:src/system_stm32f4xx.c **** /**
   2:src/system_stm32f4xx.c ****   ******************************************************************************
   3:src/system_stm32f4xx.c ****   * @file    system_stm32f4xx.c
   4:src/system_stm32f4xx.c ****   * @author  MCD Application Team
   5:src/system_stm32f4xx.c ****   * @version V2.6.1
   6:src/system_stm32f4xx.c ****   * @date    14-February-2017
   7:src/system_stm32f4xx.c ****   * @brief   CMSIS Cortex-M4 Device Peripheral Access Layer System Source File.
   8:src/system_stm32f4xx.c ****   *
   9:src/system_stm32f4xx.c ****   *   This file provides two functions and one global variable to be called from 
  10:src/system_stm32f4xx.c ****   *   user application:
  11:src/system_stm32f4xx.c ****   *      - SystemInit(): This function is called at startup just after reset and 
  12:src/system_stm32f4xx.c ****   *                      before branch to main program. This call is made inside
  13:src/system_stm32f4xx.c ****   *                      the "startup_stm32f4xx.s" file.
  14:src/system_stm32f4xx.c ****   *
  15:src/system_stm32f4xx.c ****   *      - SystemCoreClock variable: Contains the core clock (HCLK), it can be used
  16:src/system_stm32f4xx.c ****   *                                  by the user application to setup the SysTick 
  17:src/system_stm32f4xx.c ****   *                                  timer or configure other parameters.
  18:src/system_stm32f4xx.c ****   *                                     
  19:src/system_stm32f4xx.c ****   *      - SystemCoreClockUpdate(): Updates the variable SystemCoreClock and must
  20:src/system_stm32f4xx.c ****   *                                 be called whenever the core clock is changed
  21:src/system_stm32f4xx.c ****   *                                 during program execution.
  22:src/system_stm32f4xx.c ****   *
  23:src/system_stm32f4xx.c ****   *
  24:src/system_stm32f4xx.c ****   ******************************************************************************
  25:src/system_stm32f4xx.c ****   * @attention
  26:src/system_stm32f4xx.c ****   *
  27:src/system_stm32f4xx.c ****   * <h2><center>&copy; COPYRIGHT 2017 STMicroelectronics</center></h2>
  28:src/system_stm32f4xx.c ****   *
  29:src/system_stm32f4xx.c ****   * Redistribution and use in source and binary forms, with or without modification,
  30:src/system_stm32f4xx.c ****   * are permitted provided that the following conditions are met:
ARM GAS  /tmp/cc1PtuQy.s 			page 2


  31:src/system_stm32f4xx.c ****   *   1. Redistributions of source code must retain the above copyright notice,
  32:src/system_stm32f4xx.c ****   *      this list of conditions and the following disclaimer.
  33:src/system_stm32f4xx.c ****   *   2. Redistributions in binary form must reproduce the above copyright notice,
  34:src/system_stm32f4xx.c ****   *      this list of conditions and the following disclaimer in the documentation
  35:src/system_stm32f4xx.c ****   *      and/or other materials provided with the distribution.
  36:src/system_stm32f4xx.c ****   *   3. Neither the name of STMicroelectronics nor the names of its contributors
  37:src/system_stm32f4xx.c ****   *      may be used to endorse or promote products derived from this software
  38:src/system_stm32f4xx.c ****   *      without specific prior written permission.
  39:src/system_stm32f4xx.c ****   *
  40:src/system_stm32f4xx.c ****   * THIS SOFTWARE IS PROVIDED BY THE COPYRIGHT HOLDERS AND CONTRIBUTORS "AS IS"
  41:src/system_stm32f4xx.c ****   * AND ANY EXPRESS OR IMPLIED WARRANTIES, INCLUDING, BUT NOT LIMITED TO, THE
  42:src/system_stm32f4xx.c ****   * IMPLIED WARRANTIES OF MERCHANTABILITY AND FITNESS FOR A PARTICULAR PURPOSE ARE
  43:src/system_stm32f4xx.c ****   * DISCLAIMED. IN NO EVENT SHALL THE COPYRIGHT HOLDER OR CONTRIBUTORS BE LIABLE
  44:src/system_stm32f4xx.c ****   * FOR ANY DIRECT, INDIRECT, INCIDENTAL, SPECIAL, EXEMPLARY, OR CONSEQUENTIAL
  45:src/system_stm32f4xx.c ****   * DAMAGES (INCLUDING, BUT NOT LIMITED TO, PROCUREMENT OF SUBSTITUTE GOODS OR
  46:src/system_stm32f4xx.c ****   * SERVICES; LOSS OF USE, DATA, OR PROFITS; OR BUSINESS INTERRUPTION) HOWEVER
  47:src/system_stm32f4xx.c ****   * CAUSED AND ON ANY THEORY OF LIABILITY, WHETHER IN CONTRACT, STRICT LIABILITY,
  48:src/system_stm32f4xx.c ****   * OR TORT (INCLUDING NEGLIGENCE OR OTHERWISE) ARISING IN ANY WAY OUT OF THE USE
  49:src/system_stm32f4xx.c ****   * OF THIS SOFTWARE, EVEN IF ADVISED OF THE POSSIBILITY OF SUCH DAMAGE.
  50:src/system_stm32f4xx.c ****   *
  51:src/system_stm32f4xx.c ****   ******************************************************************************
  52:src/system_stm32f4xx.c ****   */
  53:src/system_stm32f4xx.c **** 
  54:src/system_stm32f4xx.c **** /** @addtogroup CMSIS
  55:src/system_stm32f4xx.c ****   * @{
  56:src/system_stm32f4xx.c ****   */
  57:src/system_stm32f4xx.c **** 
  58:src/system_stm32f4xx.c **** /** @addtogroup stm32f4xx_system
  59:src/system_stm32f4xx.c ****   * @{
  60:src/system_stm32f4xx.c ****   */  
  61:src/system_stm32f4xx.c ****   
  62:src/system_stm32f4xx.c **** /** @addtogroup STM32F4xx_System_Private_Includes
  63:src/system_stm32f4xx.c ****   * @{
  64:src/system_stm32f4xx.c ****   */
  65:src/system_stm32f4xx.c **** 
  66:src/system_stm32f4xx.c **** 
  67:src/system_stm32f4xx.c **** #include "stm32f4xx.h"
  68:src/system_stm32f4xx.c **** 
  69:src/system_stm32f4xx.c **** #if !defined  (HSE_VALUE) 
  70:src/system_stm32f4xx.c ****   #define HSE_VALUE    ((uint32_t)25000000) /*!< Default value of the External oscillator in Hz */
  71:src/system_stm32f4xx.c **** #endif /* HSE_VALUE */
  72:src/system_stm32f4xx.c **** 
  73:src/system_stm32f4xx.c **** #if !defined  (HSI_VALUE)
  74:src/system_stm32f4xx.c ****   #define HSI_VALUE    ((uint32_t)16000000) /*!< Value of the Internal oscillator in Hz*/
  75:src/system_stm32f4xx.c **** #endif /* HSI_VALUE */
  76:src/system_stm32f4xx.c **** 
  77:src/system_stm32f4xx.c **** /**
  78:src/system_stm32f4xx.c ****   * @}
  79:src/system_stm32f4xx.c ****   */
  80:src/system_stm32f4xx.c **** 
  81:src/system_stm32f4xx.c **** /** @addtogroup STM32F4xx_System_Private_TypesDefinitions
  82:src/system_stm32f4xx.c ****   * @{
  83:src/system_stm32f4xx.c ****   */
  84:src/system_stm32f4xx.c **** 
  85:src/system_stm32f4xx.c **** /**
  86:src/system_stm32f4xx.c ****   * @}
  87:src/system_stm32f4xx.c ****   */
ARM GAS  /tmp/cc1PtuQy.s 			page 3


  88:src/system_stm32f4xx.c **** 
  89:src/system_stm32f4xx.c **** /** @addtogroup STM32F4xx_System_Private_Defines
  90:src/system_stm32f4xx.c ****   * @{
  91:src/system_stm32f4xx.c ****   */
  92:src/system_stm32f4xx.c **** 
  93:src/system_stm32f4xx.c **** /************************* Miscellaneous Configuration ************************/
  94:src/system_stm32f4xx.c **** /*!< Uncomment the following line if you need to use external SRAM or SDRAM as data memory  */
  95:src/system_stm32f4xx.c **** #if defined(STM32F405xx) || defined(STM32F415xx) || defined(STM32F407xx) || defined(STM32F417xx)\
  96:src/system_stm32f4xx.c ****  || defined(STM32F427xx) || defined(STM32F437xx) || defined(STM32F429xx) || defined(STM32F439xx)\
  97:src/system_stm32f4xx.c ****  || defined(STM32F469xx) || defined(STM32F479xx) || defined(STM32F412Zx) || defined(STM32F412Vx)
  98:src/system_stm32f4xx.c **** /* #define DATA_IN_ExtSRAM */
  99:src/system_stm32f4xx.c **** #endif /* STM32F40xxx || STM32F41xxx || STM32F42xxx || STM32F43xxx || STM32F469xx || STM32F479xx ||
 100:src/system_stm32f4xx.c ****           STM32F412Zx || STM32F412Vx */
 101:src/system_stm32f4xx.c ****  
 102:src/system_stm32f4xx.c **** #if defined(STM32F427xx) || defined(STM32F437xx) || defined(STM32F429xx) || defined(STM32F439xx)\
 103:src/system_stm32f4xx.c ****  || defined(STM32F446xx) || defined(STM32F469xx) || defined(STM32F479xx)
 104:src/system_stm32f4xx.c **** /* #define DATA_IN_ExtSDRAM */
 105:src/system_stm32f4xx.c **** #endif /* STM32F427xx || STM32F437xx || STM32F429xx || STM32F439xx || STM32F446xx || STM32F469xx ||
 106:src/system_stm32f4xx.c ****           STM32F479xx */
 107:src/system_stm32f4xx.c **** 
 108:src/system_stm32f4xx.c **** /*!< Uncomment the following line if you need to relocate your vector Table in
 109:src/system_stm32f4xx.c ****      Internal SRAM. */
 110:src/system_stm32f4xx.c **** /* #define VECT_TAB_SRAM */
 111:src/system_stm32f4xx.c **** #define VECT_TAB_OFFSET  0x00 /*!< Vector Table base offset field. 
 112:src/system_stm32f4xx.c ****                                    This value must be a multiple of 0x200. */
 113:src/system_stm32f4xx.c **** /******************************************************************************/
 114:src/system_stm32f4xx.c **** 
 115:src/system_stm32f4xx.c **** /**
 116:src/system_stm32f4xx.c ****   * @}
 117:src/system_stm32f4xx.c ****   */
 118:src/system_stm32f4xx.c **** 
 119:src/system_stm32f4xx.c **** /** @addtogroup STM32F4xx_System_Private_Macros
 120:src/system_stm32f4xx.c ****   * @{
 121:src/system_stm32f4xx.c ****   */
 122:src/system_stm32f4xx.c **** 
 123:src/system_stm32f4xx.c **** /**
 124:src/system_stm32f4xx.c ****   * @}
 125:src/system_stm32f4xx.c ****   */
 126:src/system_stm32f4xx.c **** 
 127:src/system_stm32f4xx.c **** /** @addtogroup STM32F4xx_System_Private_Variables
 128:src/system_stm32f4xx.c ****   * @{
 129:src/system_stm32f4xx.c ****   */
 130:src/system_stm32f4xx.c ****   /* This variable is updated in three ways:
 131:src/system_stm32f4xx.c ****       1) by calling CMSIS function SystemCoreClockUpdate()
 132:src/system_stm32f4xx.c ****       2) by calling HAL API function HAL_RCC_GetHCLKFreq()
 133:src/system_stm32f4xx.c ****       3) each time HAL_RCC_ClockConfig() is called to configure the system clock frequency 
 134:src/system_stm32f4xx.c ****          Note: If you use this function to configure the system clock; then there
 135:src/system_stm32f4xx.c ****                is no need to call the 2 first functions listed above, since SystemCoreClock
 136:src/system_stm32f4xx.c ****                variable is updated automatically.
 137:src/system_stm32f4xx.c ****   */
 138:src/system_stm32f4xx.c **** uint32_t SystemCoreClock = 16000000;
 139:src/system_stm32f4xx.c **** const uint8_t AHBPrescTable[16] = {0, 0, 0, 0, 0, 0, 0, 0, 1, 2, 3, 4, 6, 7, 8, 9};
 140:src/system_stm32f4xx.c **** const uint8_t APBPrescTable[8]  = {0, 0, 0, 0, 1, 2, 3, 4};
 141:src/system_stm32f4xx.c **** /**
 142:src/system_stm32f4xx.c ****   * @}
 143:src/system_stm32f4xx.c ****   */
 144:src/system_stm32f4xx.c **** 
ARM GAS  /tmp/cc1PtuQy.s 			page 4


 145:src/system_stm32f4xx.c **** /** @addtogroup STM32F4xx_System_Private_FunctionPrototypes
 146:src/system_stm32f4xx.c ****   * @{
 147:src/system_stm32f4xx.c ****   */
 148:src/system_stm32f4xx.c **** 
 149:src/system_stm32f4xx.c **** #if defined (DATA_IN_ExtSRAM) || defined (DATA_IN_ExtSDRAM)
 150:src/system_stm32f4xx.c ****   static void SystemInit_ExtMemCtl(void); 
 151:src/system_stm32f4xx.c **** #endif /* DATA_IN_ExtSRAM || DATA_IN_ExtSDRAM */
 152:src/system_stm32f4xx.c **** 
 153:src/system_stm32f4xx.c **** /**
 154:src/system_stm32f4xx.c ****   * @}
 155:src/system_stm32f4xx.c ****   */
 156:src/system_stm32f4xx.c **** 
 157:src/system_stm32f4xx.c **** /** @addtogroup STM32F4xx_System_Private_Functions
 158:src/system_stm32f4xx.c ****   * @{
 159:src/system_stm32f4xx.c ****   */
 160:src/system_stm32f4xx.c **** 
 161:src/system_stm32f4xx.c **** /**
 162:src/system_stm32f4xx.c ****   * @brief  Setup the microcontroller system
 163:src/system_stm32f4xx.c ****   *         Initialize the FPU setting, vector table location and External memory 
 164:src/system_stm32f4xx.c ****   *         configuration.
 165:src/system_stm32f4xx.c ****   * @param  None
 166:src/system_stm32f4xx.c ****   * @retval None
 167:src/system_stm32f4xx.c ****   */
 168:src/system_stm32f4xx.c **** void SystemInit(void)
 169:src/system_stm32f4xx.c **** {
  29              		.loc 1 169 0
  30              		.cfi_startproc
  31              		@ args = 0, pretend = 0, frame = 0
  32              		@ frame_needed = 0, uses_anonymous_args = 0
  33              		@ link register save eliminated.
 170:src/system_stm32f4xx.c ****   /* FPU settings ------------------------------------------------------------*/
 171:src/system_stm32f4xx.c ****   #if (__FPU_PRESENT == 1) && (__FPU_USED == 1)
 172:src/system_stm32f4xx.c ****     SCB->CPACR |= ((3UL << 10*2)|(3UL << 11*2));  /* set CP10 and CP11 Full Access */
  34              		.loc 1 172 0
  35 0000 0F49     		ldr	r1, .L2
  36 0002 D1F88830 		ldr	r3, [r1, #136]
  37 0006 43F47003 		orr	r3, r3, #15728640
  38 000a C1F88830 		str	r3, [r1, #136]
 173:src/system_stm32f4xx.c ****   #endif
 174:src/system_stm32f4xx.c ****   /* Reset the RCC clock configuration to the default reset state ------------*/
 175:src/system_stm32f4xx.c ****   /* Set HSION bit */
 176:src/system_stm32f4xx.c ****   RCC->CR |= (uint32_t)0x00000001;
  39              		.loc 1 176 0
  40 000e 0D4B     		ldr	r3, .L2+4
  41 0010 1A68     		ldr	r2, [r3]
  42 0012 42F00102 		orr	r2, r2, #1
  43 0016 1A60     		str	r2, [r3]
 177:src/system_stm32f4xx.c **** 
 178:src/system_stm32f4xx.c ****   /* Reset CFGR register */
 179:src/system_stm32f4xx.c ****   RCC->CFGR = 0x00000000;
  44              		.loc 1 179 0
  45 0018 0020     		movs	r0, #0
  46 001a 9860     		str	r0, [r3, #8]
 180:src/system_stm32f4xx.c **** 
 181:src/system_stm32f4xx.c ****   /* Reset HSEON, CSSON and PLLON bits */
 182:src/system_stm32f4xx.c ****   RCC->CR &= (uint32_t)0xFEF6FFFF;
  47              		.loc 1 182 0
ARM GAS  /tmp/cc1PtuQy.s 			page 5


  48 001c 1A68     		ldr	r2, [r3]
  49 001e 22F08472 		bic	r2, r2, #17301504
  50 0022 22F48032 		bic	r2, r2, #65536
  51 0026 1A60     		str	r2, [r3]
 183:src/system_stm32f4xx.c **** 
 184:src/system_stm32f4xx.c ****   /* Reset PLLCFGR register */
 185:src/system_stm32f4xx.c ****   RCC->PLLCFGR = 0x24003010;
  52              		.loc 1 185 0
  53 0028 074A     		ldr	r2, .L2+8
  54 002a 5A60     		str	r2, [r3, #4]
 186:src/system_stm32f4xx.c **** 
 187:src/system_stm32f4xx.c ****   /* Reset HSEBYP bit */
 188:src/system_stm32f4xx.c ****   RCC->CR &= (uint32_t)0xFFFBFFFF;
  55              		.loc 1 188 0
  56 002c 1A68     		ldr	r2, [r3]
  57 002e 22F48022 		bic	r2, r2, #262144
  58 0032 1A60     		str	r2, [r3]
 189:src/system_stm32f4xx.c **** 
 190:src/system_stm32f4xx.c ****   /* Disable all interrupts */
 191:src/system_stm32f4xx.c ****   RCC->CIR = 0x00000000;
  59              		.loc 1 191 0
  60 0034 D860     		str	r0, [r3, #12]
 192:src/system_stm32f4xx.c **** 
 193:src/system_stm32f4xx.c **** #if defined (DATA_IN_ExtSRAM) || defined (DATA_IN_ExtSDRAM)
 194:src/system_stm32f4xx.c ****   SystemInit_ExtMemCtl(); 
 195:src/system_stm32f4xx.c **** #endif /* DATA_IN_ExtSRAM || DATA_IN_ExtSDRAM */
 196:src/system_stm32f4xx.c **** 
 197:src/system_stm32f4xx.c ****   /* Configure the Vector Table location add offset address ------------------*/
 198:src/system_stm32f4xx.c **** #ifdef VECT_TAB_SRAM
 199:src/system_stm32f4xx.c ****   SCB->VTOR = SRAM_BASE | VECT_TAB_OFFSET; /* Vector Table Relocation in Internal SRAM */
 200:src/system_stm32f4xx.c **** #else
 201:src/system_stm32f4xx.c ****   SCB->VTOR = FLASH_BASE | VECT_TAB_OFFSET; /* Vector Table Relocation in Internal FLASH */
  61              		.loc 1 201 0
  62 0036 4FF00063 		mov	r3, #134217728
  63 003a 8B60     		str	r3, [r1, #8]
  64 003c 7047     		bx	lr
  65              	.L3:
  66 003e 00BF     		.align	2
  67              	.L2:
  68 0040 00ED00E0 		.word	-536810240
  69 0044 00380240 		.word	1073887232
  70 0048 10300024 		.word	603992080
  71              		.cfi_endproc
  72              	.LFE123:
  74              		.section	.text.SystemCoreClockUpdate,"ax",%progbits
  75              		.align	2
  76              		.global	SystemCoreClockUpdate
  77              		.thumb
  78              		.thumb_func
  80              	SystemCoreClockUpdate:
  81              	.LFB124:
 202:src/system_stm32f4xx.c **** #endif
 203:src/system_stm32f4xx.c **** }
 204:src/system_stm32f4xx.c **** 
 205:src/system_stm32f4xx.c **** /**
 206:src/system_stm32f4xx.c ****    * @brief  Update SystemCoreClock variable according to Clock Register Values.
 207:src/system_stm32f4xx.c ****   *         The SystemCoreClock variable contains the core clock (HCLK), it can
ARM GAS  /tmp/cc1PtuQy.s 			page 6


 208:src/system_stm32f4xx.c ****   *         be used by the user application to setup the SysTick timer or configure
 209:src/system_stm32f4xx.c ****   *         other parameters.
 210:src/system_stm32f4xx.c ****   *           
 211:src/system_stm32f4xx.c ****   * @note   Each time the core clock (HCLK) changes, this function must be called
 212:src/system_stm32f4xx.c ****   *         to update SystemCoreClock variable value. Otherwise, any configuration
 213:src/system_stm32f4xx.c ****   *         based on this variable will be incorrect.         
 214:src/system_stm32f4xx.c ****   *     
 215:src/system_stm32f4xx.c ****   * @note   - The system frequency computed by this function is not the real 
 216:src/system_stm32f4xx.c ****   *           frequency in the chip. It is calculated based on the predefined 
 217:src/system_stm32f4xx.c ****   *           constant and the selected clock source:
 218:src/system_stm32f4xx.c ****   *             
 219:src/system_stm32f4xx.c ****   *           - If SYSCLK source is HSI, SystemCoreClock will contain the HSI_VALUE(*)
 220:src/system_stm32f4xx.c ****   *                                              
 221:src/system_stm32f4xx.c ****   *           - If SYSCLK source is HSE, SystemCoreClock will contain the HSE_VALUE(**)
 222:src/system_stm32f4xx.c ****   *                          
 223:src/system_stm32f4xx.c ****   *           - If SYSCLK source is PLL, SystemCoreClock will contain the HSE_VALUE(**) 
 224:src/system_stm32f4xx.c ****   *             or HSI_VALUE(*) multiplied/divided by the PLL factors.
 225:src/system_stm32f4xx.c ****   *         
 226:src/system_stm32f4xx.c ****   *         (*) HSI_VALUE is a constant defined in stm32f4xx_hal_conf.h file (default value
 227:src/system_stm32f4xx.c ****   *             16 MHz) but the real value may vary depending on the variations
 228:src/system_stm32f4xx.c ****   *             in voltage and temperature.   
 229:src/system_stm32f4xx.c ****   *    
 230:src/system_stm32f4xx.c ****   *         (**) HSE_VALUE is a constant defined in stm32f4xx_hal_conf.h file (its value
 231:src/system_stm32f4xx.c ****   *              depends on the application requirements), user has to ensure that HSE_VALUE
 232:src/system_stm32f4xx.c ****   *              is same as the real frequency of the crystal used. Otherwise, this function
 233:src/system_stm32f4xx.c ****   *              may have wrong result.
 234:src/system_stm32f4xx.c ****   *                
 235:src/system_stm32f4xx.c ****   *         - The result of this function could be not correct when using fractional
 236:src/system_stm32f4xx.c ****   *           value for HSE crystal.
 237:src/system_stm32f4xx.c ****   *     
 238:src/system_stm32f4xx.c ****   * @param  None
 239:src/system_stm32f4xx.c ****   * @retval None
 240:src/system_stm32f4xx.c ****   */
 241:src/system_stm32f4xx.c **** void SystemCoreClockUpdate(void)
 242:src/system_stm32f4xx.c **** {
  82              		.loc 1 242 0
  83              		.cfi_startproc
  84              		@ args = 0, pretend = 0, frame = 0
  85              		@ frame_needed = 0, uses_anonymous_args = 0
  86              		@ link register save eliminated.
  87              	.LVL0:
 243:src/system_stm32f4xx.c ****   uint32_t tmp = 0, pllvco = 0, pllp = 2, pllsource = 0, pllm = 2;
 244:src/system_stm32f4xx.c ****   
 245:src/system_stm32f4xx.c ****   /* Get SYSCLK source -------------------------------------------------------*/
 246:src/system_stm32f4xx.c ****   tmp = RCC->CFGR & RCC_CFGR_SWS;
  88              		.loc 1 246 0
  89 0000 224B     		ldr	r3, .L13
  90 0002 9B68     		ldr	r3, [r3, #8]
  91 0004 03F00C03 		and	r3, r3, #12
  92              	.LVL1:
 247:src/system_stm32f4xx.c **** 
 248:src/system_stm32f4xx.c ****   switch (tmp)
  93              		.loc 1 248 0
  94 0008 042B     		cmp	r3, #4
  95 000a 07D0     		beq	.L6
  96 000c 082B     		cmp	r3, #8
  97 000e 09D0     		beq	.L7
ARM GAS  /tmp/cc1PtuQy.s 			page 7


  98 0010 002B     		cmp	r3, #0
  99 0012 2DD1     		bne	.L12
 249:src/system_stm32f4xx.c ****   {
 250:src/system_stm32f4xx.c ****     case 0x00:  /* HSI used as system clock source */
 251:src/system_stm32f4xx.c ****       SystemCoreClock = HSI_VALUE;
 100              		.loc 1 251 0
 101 0014 1E4A     		ldr	r2, .L13+4
 102 0016 1F4B     		ldr	r3, .L13+8
 103              	.LVL2:
 104 0018 1A60     		str	r2, [r3]
 252:src/system_stm32f4xx.c ****       break;
 105              		.loc 1 252 0
 106 001a 2CE0     		b	.L9
 107              	.LVL3:
 108              	.L6:
 253:src/system_stm32f4xx.c ****     case 0x04:  /* HSE used as system clock source */
 254:src/system_stm32f4xx.c ****       SystemCoreClock = HSE_VALUE;
 109              		.loc 1 254 0
 110 001c 1E4A     		ldr	r2, .L13+12
 111 001e 1D4B     		ldr	r3, .L13+8
 112              	.LVL4:
 113 0020 1A60     		str	r2, [r3]
 255:src/system_stm32f4xx.c ****       break;
 114              		.loc 1 255 0
 115 0022 28E0     		b	.L9
 116              	.LVL5:
 117              	.L7:
 256:src/system_stm32f4xx.c ****     case 0x08:  /* PLL used as system clock source */
 257:src/system_stm32f4xx.c **** 
 258:src/system_stm32f4xx.c ****       /* PLL_VCO = (HSE_VALUE or HSI_VALUE / PLL_M) * PLL_N
 259:src/system_stm32f4xx.c ****          SYSCLK = PLL_VCO / PLL_P
 260:src/system_stm32f4xx.c ****          */    
 261:src/system_stm32f4xx.c ****       pllsource = (RCC->PLLCFGR & RCC_PLLCFGR_PLLSRC) >> 22;
 118              		.loc 1 261 0
 119 0024 194B     		ldr	r3, .L13
 120              	.LVL6:
 121 0026 5A68     		ldr	r2, [r3, #4]
 122              	.LVL7:
 262:src/system_stm32f4xx.c ****       pllm = RCC->PLLCFGR & RCC_PLLCFGR_PLLM;
 123              		.loc 1 262 0
 124 0028 5B68     		ldr	r3, [r3, #4]
 125 002a 03F03F03 		and	r3, r3, #63
 126              	.LVL8:
 263:src/system_stm32f4xx.c ****       
 264:src/system_stm32f4xx.c ****       if (pllsource != 0)
 127              		.loc 1 264 0
 128 002e 12F4800F 		tst	r2, #4194304
 129 0032 09D0     		beq	.L10
 265:src/system_stm32f4xx.c ****       {
 266:src/system_stm32f4xx.c ****         /* HSE used as PLL clock source */
 267:src/system_stm32f4xx.c ****         pllvco = (HSE_VALUE / pllm) * ((RCC->PLLCFGR & RCC_PLLCFGR_PLLN) >> 6);
 130              		.loc 1 267 0
 131 0034 184A     		ldr	r2, .L13+12
 132              	.LVL9:
 133 0036 B2FBF3F2 		udiv	r2, r2, r3
 134 003a 144B     		ldr	r3, .L13
 135              	.LVL10:
ARM GAS  /tmp/cc1PtuQy.s 			page 8


 136 003c 5B68     		ldr	r3, [r3, #4]
 137 003e C3F38813 		ubfx	r3, r3, #6, #9
 138 0042 03FB02F2 		mul	r2, r3, r2
 139              	.LVL11:
 140 0046 08E0     		b	.L11
 141              	.LVL12:
 142              	.L10:
 268:src/system_stm32f4xx.c ****       }
 269:src/system_stm32f4xx.c ****       else
 270:src/system_stm32f4xx.c ****       {
 271:src/system_stm32f4xx.c ****         /* HSI used as PLL clock source */
 272:src/system_stm32f4xx.c ****         pllvco = (HSI_VALUE / pllm) * ((RCC->PLLCFGR & RCC_PLLCFGR_PLLN) >> 6);
 143              		.loc 1 272 0
 144 0048 114A     		ldr	r2, .L13+4
 145              	.LVL13:
 146 004a B2FBF3F3 		udiv	r3, r2, r3
 147              	.LVL14:
 148 004e 0F4A     		ldr	r2, .L13
 149 0050 5168     		ldr	r1, [r2, #4]
 150 0052 C1F38811 		ubfx	r1, r1, #6, #9
 151 0056 01FB03F2 		mul	r2, r1, r3
 152              	.LVL15:
 153              	.L11:
 273:src/system_stm32f4xx.c ****       }
 274:src/system_stm32f4xx.c **** 
 275:src/system_stm32f4xx.c ****       pllp = (((RCC->PLLCFGR & RCC_PLLCFGR_PLLP) >>16) + 1 ) *2;
 154              		.loc 1 275 0
 155 005a 0C4B     		ldr	r3, .L13
 156 005c 5B68     		ldr	r3, [r3, #4]
 157 005e C3F30143 		ubfx	r3, r3, #16, #2
 158 0062 0133     		adds	r3, r3, #1
 159 0064 5B00     		lsls	r3, r3, #1
 160              	.LVL16:
 276:src/system_stm32f4xx.c ****       SystemCoreClock = pllvco/pllp;
 161              		.loc 1 276 0
 162 0066 B2FBF3F3 		udiv	r3, r2, r3
 163              	.LVL17:
 164 006a 0A4A     		ldr	r2, .L13+8
 165              	.LVL18:
 166 006c 1360     		str	r3, [r2]
 277:src/system_stm32f4xx.c ****       break;
 167              		.loc 1 277 0
 168 006e 02E0     		b	.L9
 169              	.LVL19:
 170              	.L12:
 278:src/system_stm32f4xx.c ****     default:
 279:src/system_stm32f4xx.c ****       SystemCoreClock = HSI_VALUE;
 171              		.loc 1 279 0
 172 0070 074A     		ldr	r2, .L13+4
 173 0072 084B     		ldr	r3, .L13+8
 174              	.LVL20:
 175 0074 1A60     		str	r2, [r3]
 176              	.LVL21:
 177              	.L9:
 280:src/system_stm32f4xx.c ****       break;
 281:src/system_stm32f4xx.c ****   }
 282:src/system_stm32f4xx.c ****   /* Compute HCLK frequency --------------------------------------------------*/
ARM GAS  /tmp/cc1PtuQy.s 			page 9


 283:src/system_stm32f4xx.c ****   /* Get HCLK prescaler */
 284:src/system_stm32f4xx.c ****   tmp = AHBPrescTable[((RCC->CFGR & RCC_CFGR_HPRE) >> 4)];
 178              		.loc 1 284 0
 179 0076 054B     		ldr	r3, .L13
 180 0078 9B68     		ldr	r3, [r3, #8]
 181 007a C3F30313 		ubfx	r3, r3, #4, #4
 182 007e 074A     		ldr	r2, .L13+16
 183 0080 D15C     		ldrb	r1, [r2, r3]	@ zero_extendqisi2
 184              	.LVL22:
 285:src/system_stm32f4xx.c ****   /* HCLK frequency */
 286:src/system_stm32f4xx.c ****   SystemCoreClock >>= tmp;
 185              		.loc 1 286 0
 186 0082 044A     		ldr	r2, .L13+8
 187 0084 1368     		ldr	r3, [r2]
 188 0086 CB40     		lsrs	r3, r3, r1
 189 0088 1360     		str	r3, [r2]
 190 008a 7047     		bx	lr
 191              	.L14:
 192              		.align	2
 193              	.L13:
 194 008c 00380240 		.word	1073887232
 195 0090 0024F400 		.word	16000000
 196 0094 00000000 		.word	.LANCHOR0
 197 0098 40787D01 		.word	25000000
 198 009c 00000000 		.word	.LANCHOR1
 199              		.cfi_endproc
 200              	.LFE124:
 202              		.global	APBPrescTable
 203              		.global	AHBPrescTable
 204              		.global	SystemCoreClock
 205              		.section	.rodata.AHBPrescTable,"a",%progbits
 206              		.align	2
 207              		.set	.LANCHOR1,. + 0
 210              	AHBPrescTable:
 211 0000 00       		.byte	0
 212 0001 00       		.byte	0
 213 0002 00       		.byte	0
 214 0003 00       		.byte	0
 215 0004 00       		.byte	0
 216 0005 00       		.byte	0
 217 0006 00       		.byte	0
 218 0007 00       		.byte	0
 219 0008 01       		.byte	1
 220 0009 02       		.byte	2
 221 000a 03       		.byte	3
 222 000b 04       		.byte	4
 223 000c 06       		.byte	6
 224 000d 07       		.byte	7
 225 000e 08       		.byte	8
 226 000f 09       		.byte	9
 227              		.section	.rodata.APBPrescTable,"a",%progbits
 228              		.align	2
 231              	APBPrescTable:
 232 0000 00       		.byte	0
 233 0001 00       		.byte	0
 234 0002 00       		.byte	0
 235 0003 00       		.byte	0
ARM GAS  /tmp/cc1PtuQy.s 			page 10


 236 0004 01       		.byte	1
 237 0005 02       		.byte	2
 238 0006 03       		.byte	3
 239 0007 04       		.byte	4
 240              		.section	.data.SystemCoreClock,"aw",%progbits
 241              		.align	2
 242              		.set	.LANCHOR0,. + 0
 245              	SystemCoreClock:
 246 0000 0024F400 		.word	16000000
 247              		.text
 248              	.Letext0:
 249              		.file 2 "/usr/include/newlib/machine/_default_types.h"
 250              		.file 3 "/usr/include/newlib/sys/_stdint.h"
 251              		.file 4 "Drivers/CMSIS/Include/core_cm4.h"
 252              		.file 5 "Drivers/CMSIS/Device/ST/STM32F4xx/Include/stm32f407xx.h"
ARM GAS  /tmp/cc1PtuQy.s 			page 11


DEFINED SYMBOLS
                            *ABS*:0000000000000000 system_stm32f4xx.c
     /tmp/cc1PtuQy.s:21     .text.SystemInit:0000000000000000 $t
     /tmp/cc1PtuQy.s:26     .text.SystemInit:0000000000000000 SystemInit
     /tmp/cc1PtuQy.s:68     .text.SystemInit:0000000000000040 $d
     /tmp/cc1PtuQy.s:75     .text.SystemCoreClockUpdate:0000000000000000 $t
     /tmp/cc1PtuQy.s:80     .text.SystemCoreClockUpdate:0000000000000000 SystemCoreClockUpdate
     /tmp/cc1PtuQy.s:194    .text.SystemCoreClockUpdate:000000000000008c $d
     /tmp/cc1PtuQy.s:231    .rodata.APBPrescTable:0000000000000000 APBPrescTable
     /tmp/cc1PtuQy.s:210    .rodata.AHBPrescTable:0000000000000000 AHBPrescTable
     /tmp/cc1PtuQy.s:245    .data.SystemCoreClock:0000000000000000 SystemCoreClock
     /tmp/cc1PtuQy.s:206    .rodata.AHBPrescTable:0000000000000000 $d
     /tmp/cc1PtuQy.s:228    .rodata.APBPrescTable:0000000000000000 $d
     /tmp/cc1PtuQy.s:241    .data.SystemCoreClock:0000000000000000 $d
                     .debug_frame:0000000000000010 $d

NO UNDEFINED SYMBOLS
